[debug] [2020-05-07T09:29:40.217Z] ----------------------------------------------------------------------
[debug] [2020-05-07T09:29:40.220Z] Command:       /usr/local/bin/node /usr/local/bin/firebase init
[debug] [2020-05-07T09:29:40.221Z] CLI Version:   8.2.0
[debug] [2020-05-07T09:29:40.221Z] Platform:      linux
[debug] [2020-05-07T09:29:40.221Z] Node Version:  v12.16.3
[debug] [2020-05-07T09:29:40.221Z] Time:          Thu May 07 2020 06:29:40 GMT-0300 (GMT-03:00)
[debug] [2020-05-07T09:29:40.222Z] ----------------------------------------------------------------------
[debug] [2020-05-07T09:29:40.222Z] 
[debug] [2020-05-07T09:29:40.228Z] > command requires scopes: ["email","openid","https://www.googleapis.com/auth/cloudplatformprojects.readonly","https://www.googleapis.com/auth/firebase","https://www.googleapis.com/auth/cloud-platform"]
[debug] [2020-05-07T09:29:40.228Z] > authorizing via signed-in user
[info] 
     ######## #### ########  ######## ########     ###     ######  ########
     ##        ##  ##     ## ##       ##     ##  ##   ##  ##       ##
     ######    ##  ########  ######   ########  #########  ######  ######
     ##        ##  ##    ##  ##       ##     ## ##     ##       ## ##
     ##       #### ##     ## ######## ########  ##     ##  ######  ########

You're about to initialize a Firebase project in this directory:

  /home/batuke/git/platzi-badges

Before we get started, keep in mind:

  * You are initializing in an existing Firebase project directory

[debug] [2020-05-07T09:29:56.269Z] TypeError: Cannot read property 'setRawMode' of null
    at ReadStream.setRawMode (tty.js:75:28)
    at Interface._setRawMode (readline.js:283:16)
    at Interface.close (readline.js:406:10)
    at ReadStream.ontermend (readline.js:194:10)
    at ReadStream.emit (events.js:322:22)
    at ReadStream.EventEmitter.emit (domain.js:482:12)
    at endReadableNT (_stream_readable.js:1187:12)
    at processTicksAndRejections (internal/process/task_queues.js:84:21)
